 * Task [Fix a problem of project resources linked to items] : Applied successfully
 * Task [GenerateJobPomMigrationTask] : Applied successfully
 * Task [EscapeQuoterForTNormalize] : Applied successfully
 * Task [KeepChangeRemoteDirFalseForFTPFileExist] : Applied successfully
 * Task [AddTypeNameInConnection] : Nothing to do
 * Task [RenameELTJDBCComponentsMigrationTask] : Applied successfully
 * Task [AddDbMappingTTeradataFastLoadMigrationTask] : Applied successfully
 * Task [UseSqlDateTypeInDataframesTask] : Nothing to do
 * Task [PostgresqlDefaultDBVersion] : Applied successfully
 * Task [MySQLDefaultDBVersion] : Applied successfully
 * Task [UseOracle11VersionInsteadOfRemoved] : Applied successfully
 * Task [CheckS3AccessibilityMigrationTask] : Applied successfully
 * Task [DecrementLimitTFileInputDelimitedTDI32185] : Applied successfully
 * Task [SetTrustAllCertsLdapComponentsTDI41648] : Applied successfully
 * Task [RedshiftLogFileMigrationTask] : Applied successfully
 * Task [ResetAdditionalJDBCParamsForCreateTable] : Applied successfully
 * Task [SafelyCreateTemporaryFileMigrationTask] : Applied successfully
 * Task [MigrateTDataMaskingGuiTDQ16376] : Applied successfully
 * Task [RenameSalesforceWaveMigrationTask] : Applied successfully
 * Task [CleanCustomerMatcherField] : Applied successfully
 * Task [RenameTCOMPCouchbaseMigrationTask] : Applied successfully
 * Task [AutoUpdateRelationsMigrationTask] : Applied successfully
 ---=== End of migration ===---
 ---=== Start Migration of project DEEPSEA ===---
 * Task [ResetMavenTemplateMigrationTask] : Applied successfully
 * Task [RemovePigudfModulesMigrationTask] : Nothing to do
 * Task [Fix a problem of project resources linked to items] : Nothing to do
 * Task [GenerateJobPomMigrationTask] : Applied successfully
 * Task [EncryptTckMetadataMigrationTask] : Nothing to do
 * Task [AddEncodingTypeForDQComponentsTask] : Applied successfully
 * Task [AddRAWFlowTPatternMasking] : Applied successfully
 * Task [changeDBVersionForMapROJAIOutputMigrationTask] : Applied successfully
 * Task [SAPBAPIParameterTypeMigrationTask] : Applied successfully
 * Task [UseDefaultJSONWrappingStandard] : Applied successfully
 * Task [AddMissingContextMigrationTask] : Applied successfully
 * Task [cleanLoginAndPasswordForRedshiftSqlForSSO] : Applied successfully
 * Task [oracleSPAutomappingDateToTimestampTask] : Applied successfully
 * Task [UpgradePasswordEncryptionAlg4ItemMigrationTask] : Applied successfully
 * Task [ChangeCDCTypeForOracle18TDI43319] : Applied successfully
 * Task [Fix empty process id parameters for tRunjob node] : Applied successfully
 * Task [ChangeDefaultValueTDI36397] : Applied successfully
 * Task [ChangeDBVersionValue4BonitaComponentsTDI43395] : Applied successfully
 * Task [UpdateDatesPatternAccordingToDeletedTimestampOption] : Nothing to do
 * Task [AutoUpdateRelationsMigrationTask] : Applied successfully
 ---=== End of migration ===---
 ---=== Start Migration of project DEEPSEA ===---
 * Task [ResetMavenTemplateMigrationTask] : Applied successfully
 * Task [RefactoDeltaMergeOption] : Nothing to do
 * Task [Clean all metadata in poms folder] : Nothing to do
 * Task [AddKafkaExtraInfo] : Nothing to do
 * Task [Fix a problem of project resources linked to items] : Applied successfully
 * Task [SetGlobalTimestampOptionForPreviousVersions] : Nothing to do
 * Task [RenameSQLDWHMigrationTask] : Nothing to do
 * Task [ChangeDQComponentsLicenseKeyFieldTask] : Nothing to do
 * Task [ChangeJDBCConnectionsPropertiesMigrationTask] : Nothing to do
 * Task [CreateContextLinkMigrationTask] : Applied successfully
 * Task [UpdatetPersonatorOutputSchemaTask] : Nothing to do
 * Task [ChangeDefaultLoadMethod4tSynapseBulkExec] : Nothing to do
 * Task [ChangeDefaultDriverForMSSqlMigrationTask] : Applied successfully
 * Task [DbOperatorMigrationTask] : Nothing to do
 * Task [GoogleStorageSetDefaultAuthTypeMigrationTask] : Nothing to do
 * Task [RenameEXAMigrationTask] : Nothing to do
 * Task [Change MSSQL Default DBVersion] : Nothing to do
 * Task [BigQuerySetDefaultAuthTypeForGSMigrationTask] : Nothing to do
 * Task [CheckAzureBlobStorageKeepRemoteDirJavajetToTCOMPv0] : Nothing to do
 * Task [UpdateSeparatorAndEscapeForDatasetAPI] : Nothing to do
 * Task [TeradataTPTAddDatabaseNameToOptionalTablesMigrationTask] : Nothing to do
 * Task [SetDefaultPartSizeForTGSPutMigrationTask] : Nothing to do
 * Task [UncheckTrustAllMigrationTask] : Nothing to do
 * Task [EnabletPersonatorAddressBasicSettingTask] : Nothing to do
 * Task [UpdateModuleListInComponentsMigrationTask] : Nothing to do
 * Task [ChangeELTPostgresDbVersionMigrationTask] : Nothing to do
 * Task [SpecialUpdateELTDefaultNameMigrationTask] : Nothing to do
 * Task [RevertJDBCContextModeMappingFileValueMigrationTask] : Nothing to do
 * Task [UncheckUseExtraParameterMigrationTask] : Nothing to do
 * Task [SetDatasetCheckBoxGlobalOption] : Nothing to do
 * Task [ChangeDefaultDriver4GreenplumMigrationTask] : Nothing to do
 * Task [ChangeTMatchGroupConfidentWeightTypeTask] : Nothing to do
 * Task [FixModuleListInBDJDBCMigrationTask] : Nothing to do
 * Task [ChangeFileInputDynamicFieldLength] : Applied successfully
 * Task [SpecialUpdateELTEnableColumnAliasMigrationTask] : Nothing to do
 * Task [FixUpgradePasswordEncryptionAlg4ItemMigrationTask] : Nothing to do
 * Task [UpdateModuleListInComponents2MigrationTask] : Nothing to do
 * Task [SetUseLocalTimezone] : Nothing to do
 * Task [RemoveDefaultProxyIPTask] : Nothing to do
 * Task [ReplaceDefaultProxyIPMigrationTask] : Nothing to do
 * Task [ReplaceInheritCredentialCheckBoxWithDropDownListTask] : Nothing to do
 * Task [SetForceCopyFortFileCopy] : Applied successfully
 * Task [ChangeGreenplumDefaultDriverMigrationTask] : Nothing to do
 * Task [AddEncodingToPostParametersFortFileFetchMigrationTask] : Nothing to do
 * Task [RemoveDeprecateSASItemMigrationTask] : Nothing to do
 * Task [CheckLastModifyTFileCopyTask] : Applied successfully
 * Task [ReplaceInheritCredentialCheckBoxWithDropDownListTaskForRedshift] : Nothing to do
 * Task [UncheckBson2JsonTask] : Nothing to do
 * Task [RenameConnectionName4tSQSOutput] : Nothing to do
 * Task [ChangeDBVersion4tSAPConnection] : Nothing to do
 * Task [AddHourFormatToBigqueryBulkOutput] : Applied successfully
 * Task [SetDefaultValueForAttributesToElements] : Applied successfully
 * Task [UpdateEncryptTckMetadataMigrationTask] : Nothing to do
 * Task [AutoUpdateRelationsMigrationTask] : Applied successfully
 ---=== End of migration ===---
