[WARNING] Disabling enhanced local repository: using legacy is strongly discouraged to ensure build reproducibility.
[INFO] Scanning for projects...
[INFO] 
[INFO] Using the builder org.apache.maven.lifecycle.internal.builder.singlethreaded.SingleThreadedBuilder with a thread count of 1
[INFO]                                                                         
[INFO] ------------------------------------------------------------------------
[INFO] Building DEEPSEA EXTRACT_CUSTOMER_SECTOR-0.1.0 (0.1,Job Designs) 0.1.0
[INFO] ------------------------------------------------------------------------
[INFO] 
[INFO] --- maven-resources-plugin:3.0.2:resources (default-resources) @ EXTRACT_CUSTOMER_SECTOR ---
[WARNING] Using platform encoding (UTF-8 actually) to copy filtered resources, i.e. build is platform dependent!
[INFO] Copying 3 resources
[INFO] 
[INFO] --- maven-compiler-plugin:3.6.1:compile (default-compile) @ EXTRACT_CUSTOMER_SECTOR ---
[INFO] Not compiling main sources
[INFO] 
[INFO] --- maven-resources-plugin:3.0.2:testResources (default-testResources) @ EXTRACT_CUSTOMER_SECTOR ---
[INFO] Not copying test resources
[INFO] 
[INFO] --- maven-compiler-plugin:3.6.1:testCompile (default-testCompile) @ EXTRACT_CUSTOMER_SECTOR ---
[INFO] Not compiling test sources
[INFO] 
[INFO] --- maven-surefire-plugin:2.20:test (default-test) @ EXTRACT_CUSTOMER_SECTOR ---
[INFO] Tests are skipped.
[INFO] 
[INFO] --- maven-jar-plugin:3.0.2:jar (default-jar) @ EXTRACT_CUSTOMER_SECTOR ---
[INFO] Building jar: C:\Users\rru_sg1\Projects\Talend\workspace\DEEPSEA\poms\jobs\process\HONGKONG\SUBJOBS\extract_customer_sector_0.1\target\extract_customer_sector_0_1.jar
[INFO] 
[INFO] --- maven-assembly-plugin:3.0.0:single (default) @ EXTRACT_CUSTOMER_SECTOR ---
[INFO] Reading assembly descriptor: C:\Users\rru_sg1\Projects\Talend\workspace\DEEPSEA\poms\jobs\process\HONGKONG\SUBJOBS\extract_customer_sector_0.1/src/main/assemblies/assembly.xml
[WARNING] The following patterns were never triggered in this artifact inclusion filter:
o  'null:null'

[INFO] Building zip: C:\Users\rru_sg1\Projects\Talend\workspace\DEEPSEA\poms\jobs\process\HONGKONG\SUBJOBS\extract_customer_sector_0.1\target\extract_customer_sector_0_1.zip
[INFO] ------------------------------------------------------------------------
[INFO] BUILD SUCCESS
[INFO] ------------------------------------------------------------------------
[INFO] Total time: 2.885 s
[INFO] Finished at: 2019-01-21T03:38:36+00:00
[INFO] Final Memory: 15M/160M
[INFO] ------------------------------------------------------------------------
