[WARNING] Disabling enhanced local repository: using legacy is strongly discouraged to ensure build reproducibility.
[INFO] Scanning for projects...
[INFO] 
[INFO] Using the builder org.apache.maven.lifecycle.internal.builder.singlethreaded.SingleThreadedBuilder with a thread count of 1
[INFO]                                                                         
[INFO] ------------------------------------------------------------------------
[INFO] Building DEEPSEA MYANMAR_BUILD_MASTER_VAULT-0.1.0 (0.1,Job Designs) 0.1.0
[INFO] ------------------------------------------------------------------------
[INFO] 
[INFO] --- maven-resources-plugin:3.0.2:resources (default-resources) @ MYANMAR_BUILD_MASTER_VAULT ---
[WARNING] Using platform encoding (UTF-8 actually) to copy filtered resources, i.e. build is platform dependent!
[INFO] Copying 0 resource
[INFO] 
[INFO] --- maven-compiler-plugin:3.6.1:compile (default-compile) @ MYANMAR_BUILD_MASTER_VAULT ---
[INFO] Not compiling main sources
[INFO] 
[INFO] --- maven-resources-plugin:3.0.2:testResources (default-testResources) @ MYANMAR_BUILD_MASTER_VAULT ---
[INFO] Not copying test resources
[INFO] 
[INFO] --- maven-compiler-plugin:3.6.1:testCompile (default-testCompile) @ MYANMAR_BUILD_MASTER_VAULT ---
[INFO] Not compiling test sources
[INFO] 
[INFO] --- maven-surefire-plugin:2.20:test (default-test) @ MYANMAR_BUILD_MASTER_VAULT ---
[INFO] Tests are skipped.
[INFO] 
[INFO] --- maven-jar-plugin:3.0.2:jar (default-jar) @ MYANMAR_BUILD_MASTER_VAULT ---
[INFO] Building jar: /home/romuald/Projects/Talend/TOS_BD/workspace/DEEPSEA/poms/jobs/process/MYANMAR/JOBS/myanmar_build_master_vault_0.1/target/myanmar_build_master_vault_0_1.jar
[INFO] 
[INFO] --- maven-assembly-plugin:3.0.0:single (default) @ MYANMAR_BUILD_MASTER_VAULT ---
[INFO] Reading assembly descriptor: /home/romuald/Projects/Talend/TOS_BD/workspace/DEEPSEA/poms/jobs/process/MYANMAR/JOBS/myanmar_build_master_vault_0.1/src/main/assemblies/assembly.xml
[WARNING] The following patterns were never triggered in this artifact inclusion filter:
o  'null:null'

[INFO] Building zip: /home/romuald/Projects/Talend/TOS_BD/workspace/DEEPSEA/poms/jobs/process/MYANMAR/JOBS/myanmar_build_master_vault_0.1/target/myanmar_build_master_vault_0_1.zip
[INFO] ------------------------------------------------------------------------
[INFO] BUILD SUCCESS
[INFO] ------------------------------------------------------------------------
[INFO] Total time: 1.299 s
[INFO] Finished at: 2019-01-13T10:27:57+08:00
[INFO] Final Memory: 12M/223M
[INFO] ------------------------------------------------------------------------
