[WARNING] Disabling enhanced local repository: using legacy is strongly discouraged to ensure build reproducibility.
[INFO] Scanning for projects...
[INFO] 
[INFO] Using the builder org.apache.maven.lifecycle.internal.builder.singlethreaded.SingleThreadedBuilder with a thread count of 1
[INFO]                                                                         
[INFO] ------------------------------------------------------------------------
[INFO] Building DEEPSEA GENERATE_CUSTOMER_DIFF-0.1.0 (0.1,Job Designs) 0.1.0
[INFO] ------------------------------------------------------------------------
[WARNING] The POM for org.apache.commons:commons-lang3:jar:3.6 is missing, no dependency information available
[INFO] 
[INFO] --- maven-resources-plugin:3.0.2:resources (default-resources) @ GENERATE_CUSTOMER_DIFF ---
[WARNING] Using platform encoding (UTF-8 actually) to copy filtered resources, i.e. build is platform dependent!
[INFO] Copying 3 resources
[INFO] 
[INFO] --- maven-compiler-plugin:3.6.1:compile (default-compile) @ GENERATE_CUSTOMER_DIFF ---
[INFO] Not compiling main sources
[INFO] 
[INFO] --- maven-resources-plugin:3.0.2:testResources (default-testResources) @ GENERATE_CUSTOMER_DIFF ---
[INFO] Not copying test resources
[INFO] 
[INFO] --- maven-compiler-plugin:3.6.1:testCompile (default-testCompile) @ GENERATE_CUSTOMER_DIFF ---
[INFO] Not compiling test sources
[INFO] 
[INFO] --- maven-surefire-plugin:2.20:test (default-test) @ GENERATE_CUSTOMER_DIFF ---
[INFO] Tests are skipped.
[INFO] 
[INFO] --- maven-jar-plugin:3.0.2:jar (default-jar) @ GENERATE_CUSTOMER_DIFF ---
[INFO] Building jar: C:\Users\RRU_CN1\Projects\Talend\workspace\DEEPSEA\poms\jobs\process\MYANMAR\JOBS\generate_customer_diff_0.1\target\generate_customer_diff_0_1.jar
[INFO] 
[INFO] --- maven-assembly-plugin:3.0.0:single (default) @ GENERATE_CUSTOMER_DIFF ---
[INFO] Reading assembly descriptor: C:\Users\RRU_CN1\Projects\Talend\workspace\DEEPSEA\poms\jobs\process\MYANMAR\JOBS\generate_customer_diff_0.1/src/main/assemblies/assembly.xml
[WARNING] Missing POM for org.apache.commons:commons-lang3:jar:3.6
[INFO] Building zip: C:\Users\RRU_CN1\Projects\Talend\workspace\DEEPSEA\poms\jobs\process\MYANMAR\JOBS\generate_customer_diff_0.1\target\generate_customer_diff_0_1.zip
[INFO] ------------------------------------------------------------------------
[INFO] BUILD SUCCESS
[INFO] ------------------------------------------------------------------------
[INFO] Total time: 3.966 s
[INFO] Finished at: 2018-11-08T12:14:43+08:00
[INFO] Final Memory: 10M/160M
[INFO] ------------------------------------------------------------------------
