[WARNING] Disabling enhanced local repository: using legacy is strongly discouraged to ensure build reproducibility.
[INFO] Scanning for projects...
[INFO] 
[INFO] Using the builder org.apache.maven.lifecycle.internal.builder.singlethreaded.SingleThreadedBuilder with a thread count of 1
[INFO]                                                                         
[INFO] ------------------------------------------------------------------------
[INFO] Building DEEPSEA THAILAND_GET_SALES_DKSH_DAILY-0.1.0 (0.1,Job Designs) 0.1.0
[INFO] ------------------------------------------------------------------------
[INFO] 
[INFO] --- maven-resources-plugin:3.0.2:resources (default-resources) @ THAILAND_GET_SALES_DKSH_DAILY ---
[WARNING] Using platform encoding (UTF-8 actually) to copy filtered resources, i.e. build is platform dependent!
[INFO] Copying 3 resources
[INFO] 
[INFO] --- maven-compiler-plugin:3.6.1:compile (default-compile) @ THAILAND_GET_SALES_DKSH_DAILY ---
[INFO] Not compiling main sources
[INFO] 
[INFO] --- maven-resources-plugin:3.0.2:testResources (default-testResources) @ THAILAND_GET_SALES_DKSH_DAILY ---
[INFO] Not copying test resources
[INFO] 
[INFO] --- maven-compiler-plugin:3.6.1:testCompile (default-testCompile) @ THAILAND_GET_SALES_DKSH_DAILY ---
[INFO] Not compiling test sources
[INFO] 
[INFO] --- maven-surefire-plugin:2.20:test (default-test) @ THAILAND_GET_SALES_DKSH_DAILY ---
[INFO] Tests are skipped.
[INFO] 
[INFO] --- maven-jar-plugin:3.0.2:jar (default-jar) @ THAILAND_GET_SALES_DKSH_DAILY ---
[INFO] Building jar: /home/romuald/Projects/Talend/TOS_BD/workspace/DEEPSEA/poms/jobs/process/THAILAND/JOBS/thailand_get_sales_dksh_daily_0.1/target/thailand_get_sales_dksh_daily_0_1.jar
[INFO] 
[INFO] --- maven-assembly-plugin:3.0.0:single (default) @ THAILAND_GET_SALES_DKSH_DAILY ---
[INFO] Reading assembly descriptor: /home/romuald/Projects/Talend/TOS_BD/workspace/DEEPSEA/poms/jobs/process/THAILAND/JOBS/thailand_get_sales_dksh_daily_0.1/src/main/assemblies/assembly.xml
[WARNING] The following patterns were never triggered in this artifact inclusion filter:
o  'null:null'

[INFO] Building zip: /home/romuald/Projects/Talend/TOS_BD/workspace/DEEPSEA/poms/jobs/process/THAILAND/JOBS/thailand_get_sales_dksh_daily_0.1/target/thailand_get_sales_dksh_daily_0_1.zip
[INFO] ------------------------------------------------------------------------
[INFO] BUILD SUCCESS
[INFO] ------------------------------------------------------------------------
[INFO] Total time: 1.402 s
[INFO] Finished at: 2019-08-07T09:24:23+08:00
[INFO] Final Memory: 14M/212M
[INFO] ------------------------------------------------------------------------
