[WARNING] Disabling enhanced local repository: using legacy is strongly discouraged to ensure build reproducibility.
[INFO] Scanning for projects...
[INFO] 
[INFO] Using the builder org.apache.maven.lifecycle.internal.builder.singlethreaded.SingleThreadedBuilder with a thread count of 1
[INFO]                                                                         
[INFO] ------------------------------------------------------------------------
[INFO] Building DEEPSEA HONGKONG_SALES_DKHS_DAILY_TO_MONTHLY-0.1.0 (0.1,Job Designs) 0.1.0
[INFO] ------------------------------------------------------------------------
[WARNING] The POM for org.apache.commons:commons-lang3:jar:3.6 is missing, no dependency information available
[INFO] 
[INFO] --- maven-resources-plugin:3.0.2:resources (default-resources) @ HONGKONG_SALES_DKHS_DAILY_TO_MONTHLY ---
[WARNING] Using platform encoding (UTF-8 actually) to copy filtered resources, i.e. build is platform dependent!
[INFO] Copying 3 resources
[INFO] 
[INFO] --- maven-compiler-plugin:3.6.1:compile (default-compile) @ HONGKONG_SALES_DKHS_DAILY_TO_MONTHLY ---
[INFO] Not compiling main sources
[INFO] 
[INFO] --- maven-resources-plugin:3.0.2:testResources (default-testResources) @ HONGKONG_SALES_DKHS_DAILY_TO_MONTHLY ---
[INFO] Not copying test resources
[INFO] 
[INFO] --- maven-compiler-plugin:3.6.1:testCompile (default-testCompile) @ HONGKONG_SALES_DKHS_DAILY_TO_MONTHLY ---
[INFO] Not compiling test sources
[INFO] 
[INFO] --- maven-surefire-plugin:2.20:test (default-test) @ HONGKONG_SALES_DKHS_DAILY_TO_MONTHLY ---
[INFO] Tests are skipped.
[INFO] 
[INFO] --- maven-jar-plugin:3.0.2:jar (default-jar) @ HONGKONG_SALES_DKHS_DAILY_TO_MONTHLY ---
[INFO] Building jar: C:\Users\RRU_SG1\Projects\Talend\workspace\DEEPSEA\poms\jobs\process\HONGKONG\JOBS\hongkong_sales_dkhs_daily_to_monthly_0.1\target\hongkong_sales_dkhs_daily_to_monthly_0_1.jar
[INFO] 
[INFO] --- maven-assembly-plugin:3.0.0:single (default) @ HONGKONG_SALES_DKHS_DAILY_TO_MONTHLY ---
[INFO] Reading assembly descriptor: C:\Users\RRU_SG1\Projects\Talend\workspace\DEEPSEA\poms\jobs\process\HONGKONG\JOBS\hongkong_sales_dkhs_daily_to_monthly_0.1/src/main/assemblies/assembly.xml
[WARNING] Missing POM for org.apache.commons:commons-lang3:jar:3.6
[INFO] Building zip: C:\Users\RRU_SG1\Projects\Talend\workspace\DEEPSEA\poms\jobs\process\HONGKONG\JOBS\hongkong_sales_dkhs_daily_to_monthly_0.1\target\hongkong_sales_dkhs_daily_to_monthly_0_1.zip
[INFO] ------------------------------------------------------------------------
[INFO] BUILD SUCCESS
[INFO] ------------------------------------------------------------------------
[INFO] Total time: 5.961 s
[INFO] Finished at: 2019-05-13T08:13:04+00:00
[INFO] Final Memory: 12M/159M
[INFO] ------------------------------------------------------------------------
