[WARNING] Disabling enhanced local repository: using legacy is strongly discouraged to ensure build reproducibility.
[INFO] Scanning for projects...
[INFO] 
[INFO] Using the builder org.apache.maven.lifecycle.internal.builder.singlethreaded.SingleThreadedBuilder with a thread count of 1
[INFO]                                                                         
[INFO] ------------------------------------------------------------------------
[INFO] Building DEEPSEA LINK_MASTER_WITH_MULTIPLE-0.1.0 (0.1,Job Designs) 0.1.0
[INFO] ------------------------------------------------------------------------
[INFO] 
[INFO] --- maven-resources-plugin:3.0.2:resources (default-resources) @ LINK_MASTER_WITH_MULTIPLE ---
[WARNING] Using platform encoding (UTF-8 actually) to copy filtered resources, i.e. build is platform dependent!
[INFO] Copying 3 resources
[INFO] 
[INFO] --- maven-compiler-plugin:3.6.1:compile (default-compile) @ LINK_MASTER_WITH_MULTIPLE ---
[INFO] Not compiling main sources
[INFO] 
[INFO] --- maven-resources-plugin:3.0.2:testResources (default-testResources) @ LINK_MASTER_WITH_MULTIPLE ---
[INFO] Not copying test resources
[INFO] 
[INFO] --- maven-compiler-plugin:3.6.1:testCompile (default-testCompile) @ LINK_MASTER_WITH_MULTIPLE ---
[INFO] Not compiling test sources
[INFO] 
[INFO] --- maven-surefire-plugin:2.20:test (default-test) @ LINK_MASTER_WITH_MULTIPLE ---
[INFO] Tests are skipped.
[INFO] 
[INFO] --- maven-jar-plugin:3.0.2:jar (default-jar) @ LINK_MASTER_WITH_MULTIPLE ---
[INFO] Building jar: C:\Users\RRU_SG1\Projects\Talend\workspace\DEEPSEA\poms\jobs\process\COMMON\LINKS\link_master_with_multiple_0.1\target\link_master_with_multiple_0_1.jar
[INFO] 
[INFO] --- maven-assembly-plugin:3.0.0:single (default) @ LINK_MASTER_WITH_MULTIPLE ---
[INFO] Reading assembly descriptor: C:\Users\RRU_SG1\Projects\Talend\workspace\DEEPSEA\poms\jobs\process\COMMON\LINKS\link_master_with_multiple_0.1/src/main/assemblies/assembly.xml
[WARNING] The following patterns were never triggered in this artifact inclusion filter:
o  'null:null'

[INFO] Building zip: C:\Users\RRU_SG1\Projects\Talend\workspace\DEEPSEA\poms\jobs\process\COMMON\LINKS\link_master_with_multiple_0.1\target\link_master_with_multiple_0_1.zip
[INFO] ------------------------------------------------------------------------
[INFO] BUILD SUCCESS
[INFO] ------------------------------------------------------------------------
[INFO] Total time: 7.333 s
[INFO] Finished at: 2019-03-25T18:15:43+08:00
[INFO] Final Memory: 10M/157M
[INFO] ------------------------------------------------------------------------
